# JRE version: OpenJDK Runtime Environment Temurin-17.0.8.1+1 (17.0.8.1+1) (build 17.0.8.1+1)
# Java VM: OpenJDK 64-Bit Server VM Temurin-17.0.8.1+1 (17.0.8.1+1, mixed mode, tiered, compressed oops, compressed class ptrs, parallel gc, windows-amd64)
GC Precious Log:
 CPUs: 8 total, 8 available
 Memory: 16152M
 Large Page Support: Disabled
 NUMA Support: Disabled
 Compressed Oops: Enabled (32-bit)
 Alignments: Space 512K, Generation 512K, Heap 2M
 Heap Min Capacity: 100M
 Heap Initial Capacity: 100M
 Heap Max Capacity: 1G
 Pre-touch: Disabled
 Parallel Workers: 8
Heap:
 PSYoungGen      total 19968K, used 12953K [0x00000000eab00000, 0x00000000ec180000, 0x0000000100000000)
  eden space 17920K, 61% used [0x00000000eab00000,0x00000000eb5be788,0x00000000ebc80000)
  from space 2048K, 95% used [0x00000000ebe80000,0x00000000ec068020,0x00000000ec080000)
  to   space 1024K, 0% used [0x00000000ec080000,0x00000000ec080000,0x00000000ec180000)
 ParOldGen       total 68608K, used 38020K [0x00000000c0000000, 0x00000000c4300000, 0x00000000eab00000)
  object space 68608K, 55% used [0x00000000c0000000,0x00000000c2521160,0x00000000c4300000)
 Metaspace       used 49295K, committed 50048K, reserved 1114112K
  class space    used 4849K, committed 5184K, reserved 1048576K
GC Heap History (20 events):
Event: 9.212 GC heap before
{Heap before GC invocations=14 (full 2):
 PSYoungGen      total 24576K, used 24160K [0x00000000eab00000, 0x00000000ec700000, 0x0000000100000000)
  eden space 21504K, 100% used [0x00000000eab00000,0x00000000ec000000,0x00000000ec000000)
  from space 3072K, 86% used [0x00000000ec000000,0x00000000ec298020,0x00000000ec300000)
  to   space 3584K, 0% used [0x00000000ec380000,0x00000000ec380000,0x00000000ec700000)
 ParOldGen       total 68608K, used 15937K [0x00000000c0000000, 0x00000000c4300000, 0x00000000eab00000)
  object space 68608K, 23% used [0x00000000c0000000,0x00000000c0f90698,0x00000000c4300000)
 Metaspace       used 37866K, committed 38656K, reserved 1114112K
  class space    used 3848K, committed 4160K, reserved 1048576K
}
Event: 9.216 GC heap after
{Heap after GC invocations=14 (full 2):
 PSYoungGen      total 24064K, used 2368K [0x00000000eab00000, 0x00000000ec600000, 0x0000000100000000)
  eden space 21504K, 0% used [0x00000000eab00000,0x00000000eab00000,0x00000000ec000000)
  from space 2560K, 92% used [0x00000000ec380000,0x00000000ec5d0000,0x00000000ec600000)
  to   space 3072K, 0% used [0x00000000ec000000,0x00000000ec000000,0x00000000ec300000)
 ParOldGen       total 68608K, used 18517K [0x00000000c0000000, 0x00000000c4300000, 0x00000000eab00000)
  object space 68608K, 26% used [0x00000000c0000000,0x00000000c12155d0,0x00000000c4300000)
 Metaspace       used 37866K, committed 38656K, reserved 1114112K
  class space    used 3848K, committed 4160K, reserved 1048576K
}
Event: 9.285 GC heap before
{Heap before GC invocations=15 (full 2):
 PSYoungGen      total 24064K, used 23872K [0x00000000eab00000, 0x00000000ec600000, 0x0000000100000000)
  eden space 21504K, 100% used [0x00000000eab00000,0x00000000ec000000,0x00000000ec000000)
  from space 2560K, 92% used [0x00000000ec380000,0x00000000ec5d0000,0x00000000ec600000)
  to   space 3072K, 0% used [0x00000000ec000000,0x00000000ec000000,0x00000000ec300000)
 ParOldGen       total 68608K, used 18517K [0x00000000c0000000, 0x00000000c4300000, 0x00000000eab00000)
  object space 68608K, 26% used [0x00000000c0000000,0x00000000c12155d0,0x00000000c4300000)
 Metaspace       used 37866K, committed 38656K, reserved 1114112K
  class space    used 3848K, committed 4160K, reserved 1048576K
}
Event: 9.289 GC heap after
{Heap after GC invocations=15 (full 2):
 PSYoungGen      total 24576K, used 2656K [0x00000000eab00000, 0x00000000ec600000, 0x0000000100000000)
  eden space 21504K, 0% used [0x00000000eab00000,0x00000000eab00000,0x00000000ec000000)
  from space 3072K, 86% used [0x00000000ec000000,0x00000000ec298010,0x00000000ec300000)
  to   space 3072K, 0% used [0x00000000ec300000,0x00000000ec300000,0x00000000ec600000)
 ParOldGen       total 68608K, used 20797K [0x00000000c0000000, 0x00000000c4300000, 0x00000000eab00000)
  object space 68608K, 30% used [0x00000000c0000000,0x00000000c144f5d0,0x00000000c4300000)
 Metaspace       used 37866K, committed 38656K, reserved 1114112K
  class space    used 3848K, committed 4160K, reserved 1048576K
}
Event: 9.591 GC heap before
{Heap before GC invocations=16 (full 2):
 PSYoungGen      total 24576K, used 24120K [0x00000000eab00000, 0x00000000ec600000, 0x0000000100000000)
  eden space 21504K, 99% used [0x00000000eab00000,0x00000000ebff6140,0x00000000ec000000)
  from space 3072K, 86% used [0x00000000ec000000,0x00000000ec298010,0x00000000ec300000)
  to   space 3072K, 0% used [0x00000000ec300000,0x00000000ec300000,0x00000000ec600000)
 ParOldGen       total 68608K, used 20797K [0x00000000c0000000, 0x00000000c4300000, 0x00000000eab00000)
  object space 68608K, 30% used [0x00000000c0000000,0x00000000c144f5d0,0x00000000c4300000)
 Metaspace       used 38774K, committed 39552K, reserved 1114112K
  class space    used 3965K, committed 4288K, reserved 1048576K
}
Event: 9.595 GC heap after
{Heap after GC invocations=16 (full 2):
 PSYoungGen      total 24064K, used 3031K [0x00000000eab00000, 0x00000000ec700000, 0x0000000100000000)
  eden space 20992K, 0% used [0x00000000eab00000,0x00000000eab00000,0x00000000ebf80000)
  from space 3072K, 98% used [0x00000000ec300000,0x00000000ec5f5d68,0x00000000ec600000)
  to   space 3584K, 0% used [0x00000000ebf80000,0x00000000ebf80000,0x00000000ec300000)
 ParOldGen       total 68608K, used 23317K [0x00000000c0000000, 0x00000000c4300000, 0x00000000eab00000)
  object space 68608K, 33% used [0x00000000c0000000,0x00000000c16c55e0,0x00000000c4300000)
 Metaspace       used 38774K, committed 39552K, reserved 1114112K
  class space    used 3965K, committed 4288K, reserved 1048576K
}
Event: 10.226 GC heap before
{Heap before GC invocations=17 (full 2):
 PSYoungGen      total 24064K, used 24023K [0x00000000eab00000, 0x00000000ec700000, 0x0000000100000000)
  eden space 20992K, 100% used [0x00000000eab00000,0x00000000ebf80000,0x00000000ebf80000)
  from space 3072K, 98% used [0x00000000ec300000,0x00000000ec5f5d68,0x00000000ec600000)
  to   space 3584K, 0% used [0x00000000ebf80000,0x00000000ebf80000,0x00000000ec300000)
 ParOldGen       total 68608K, used 23317K [0x00000000c0000000, 0x00000000c4300000, 0x00000000eab00000)
  object space 68608K, 33% used [0x00000000c0000000,0x00000000c16c55e0,0x00000000c4300000)
 Metaspace       used 41007K, committed 41792K, reserved 1114112K
  class space    used 4198K, committed 4544K, reserved 1048576K
}
Event: 10.229 GC heap after
{Heap after GC invocations=17 (full 2):
 PSYoungGen      total 22016K, used 600K [0x00000000eab00000, 0x00000000ec380000, 0x0000000100000000)
  eden space 20992K, 0% used [0x00000000eab00000,0x00000000eab00000,0x00000000ebf80000)
  from space 1024K, 58% used [0x00000000ebf80000,0x00000000ec016098,0x00000000ec080000)
  to   space 1536K, 0% used [0x00000000ec200000,0x00000000ec200000,0x00000000ec380000)
 ParOldGen       total 68608K, used 25892K [0x00000000c0000000, 0x00000000c4300000, 0x00000000eab00000)
  object space 68608K, 37% used [0x00000000c0000000,0x00000000c1949388,0x00000000c4300000)
 Metaspace       used 41007K, committed 41792K, reserved 1114112K
  class space    used 4198K, committed 4544K, reserved 1048576K
}
Event: 11.107 GC heap before
{Heap before GC invocations=18 (full 2):
 PSYoungGen      total 22016K, used 21565K [0x00000000eab00000, 0x00000000ec380000, 0x0000000100000000)
  eden space 20992K, 99% used [0x00000000eab00000,0x00000000ebf79400,0x00000000ebf80000)
  from space 1024K, 58% used [0x00000000ebf80000,0x00000000ec016098,0x00000000ec080000)
  to   space 1536K, 0% used [0x00000000ec200000,0x00000000ec200000,0x00000000ec380000)
 ParOldGen       total 68608K, used 25892K [0x00000000c0000000, 0x00000000c4300000, 0x00000000eab00000)
  object space 68608K, 37% used [0x00000000c0000000,0x00000000c1949388,0x00000000c4300000)
 Metaspace       used 42884K, committed 43648K, reserved 1114112K
  class space    used 4377K, committed 4736K, reserved 1048576K
}
Event: 11.109 GC heap after
{Heap after GC invocations=18 (full 2):
 PSYoungGen      total 22528K, used 1504K [0x00000000eab00000, 0x00000000ec380000, 0x0000000100000000)
  eden space 20992K, 0% used [0x00000000eab00000,0x00000000eab00000,0x00000000ebf80000)
  from space 1536K, 97% used [0x00000000ec200000,0x00000000ec378020,0x00000000ec380000)
  to   space 2048K, 0% used [0x00000000ebf80000,0x00000000ebf80000,0x00000000ec180000)
 ParOldGen       total 68608K, used 26424K [0x00000000c0000000, 0x00000000c4300000, 0x00000000eab00000)
  object space 68608K, 38% used [0x00000000c0000000,0x00000000c19ce3e8,0x00000000c4300000)
 Metaspace       used 42884K, committed 43648K, reserved 1114112K
  class space    used 4377K, committed 4736K, reserved 1048576K
}
Event: 12.012 GC heap before
{Heap before GC invocations=19 (full 2):
 PSYoungGen      total 22528K, used 22496K [0x00000000eab00000, 0x00000000ec380000, 0x0000000100000000)
  eden space 20992K, 100% used [0x00000000eab00000,0x00000000ebf80000,0x00000000ebf80000)
  from space 1536K, 97% used [0x00000000ec200000,0x00000000ec378020,0x00000000ec380000)
  to   space 2048K, 0% used [0x00000000ebf80000,0x00000000ebf80000,0x00000000ec180000)
 ParOldGen       total 68608K, used 26424K [0x00000000c0000000, 0x00000000c4300000, 0x00000000eab00000)
  object space 68608K, 38% used [0x00000000c0000000,0x00000000c19ce3e8,0x00000000c4300000)
 Metaspace       used 45157K, committed 45888K, reserved 1114112K
  class space    used 4596K, committed 4928K, reserved 1048576K
}
Event: 12.016 GC heap after
{Heap after GC invocations=19 (full 2):
 PSYoungGen      total 23040K, used 2046K [0x00000000eab00000, 0x00000000ec880000, 0x0000000100000000)
  eden space 20992K, 0% used [0x00000000eab00000,0x00000000eab00000,0x00000000ebf80000)
  from space 2048K, 99% used [0x00000000ebf80000,0x00000000ec17fa40,0x00000000ec180000)
  to   space 4608K, 0% used [0x00000000ec400000,0x00000000ec400000,0x00000000ec880000)
 ParOldGen       total 68608K, used 28286K [0x00000000c0000000, 0x00000000c4300000, 0x00000000eab00000)
  object space 68608K, 41% used [0x00000000c0000000,0x00000000c1b9f888,0x00000000c4300000)
 Metaspace       used 45157K, committed 45888K, reserved 1114112K
  class space    used 4596K, committed 4928K, reserved 1048576K
}
Event: 12.711 GC heap before
{Heap before GC invocations=20 (full 2):
 PSYoungGen      total 23040K, used 23038K [0x00000000eab00000, 0x00000000ec880000, 0x0000000100000000)
  eden space 20992K, 100% used [0x00000000eab00000,0x00000000ebf80000,0x00000000ebf80000)
  from space 2048K, 99% used [0x00000000ebf80000,0x00000000ec17fa40,0x00000000ec180000)
  to   space 4608K, 0% used [0x00000000ec400000,0x00000000ec400000,0x00000000ec880000)
 ParOldGen       total 68608K, used 28286K [0x00000000c0000000, 0x00000000c4300000, 0x00000000eab00000)
  object space 68608K, 41% used [0x00000000c0000000,0x00000000c1b9f888,0x00000000c4300000)
 Metaspace       used 46535K, committed 47360K, reserved 1114112K
  class space    used 4666K, committed 4992K, reserved 1048576K
}
Event: 12.718 GC heap after
{Heap after GC invocations=20 (full 2):
 PSYoungGen      total 22528K, used 4581K [0x00000000eab00000, 0x00000000ece80000, 0x0000000100000000)
  eden space 17920K, 0% used [0x00000000eab00000,0x00000000eab00000,0x00000000ebc80000)
  from space 4608K, 99% used [0x00000000ec400000,0x00000000ec879578,0x00000000ec880000)
  to   space 7680K, 0% used [0x00000000ebc80000,0x00000000ebc80000,0x00000000ec400000)
 ParOldGen       total 68608K, used 30428K [0x00000000c0000000, 0x00000000c4300000, 0x00000000eab00000)
  object space 68608K, 44% used [0x00000000c0000000,0x00000000c1db71b0,0x00000000c4300000)
 Metaspace       used 46535K, committed 47360K, reserved 1114112K
  class space    used 4666K, committed 4992K, reserved 1048576K
}
Event: 12.842 GC heap before
{Heap before GC invocations=21 (full 2):
 PSYoungGen      total 22528K, used 22501K [0x00000000eab00000, 0x00000000ece80000, 0x0000000100000000)
  eden space 17920K, 100% used [0x00000000eab00000,0x00000000ebc80000,0x00000000ebc80000)
  from space 4608K, 99% used [0x00000000ec400000,0x00000000ec879578,0x00000000ec880000)
  to   space 7680K, 0% used [0x00000000ebc80000,0x00000000ebc80000,0x00000000ec400000)
 ParOldGen       total 68608K, used 30428K [0x00000000c0000000, 0x00000000c4300000, 0x00000000eab00000)
  object space 68608K, 44% used [0x00000000c0000000,0x00000000c1db71b0,0x00000000c4300000)
 Metaspace       used 46890K, committed 47680K, reserved 1114112K
  class space    used 4682K, committed 4992K, reserved 1048576K
}
Event: 12.849 GC heap after
{Heap after GC invocations=21 (full 2):
 PSYoungGen      total 20992K, used 2911K [0x00000000eab00000, 0x00000000ec580000, 0x0000000100000000)
  eden space 17920K, 0% used [0x00000000eab00000,0x00000000eab00000,0x00000000ebc80000)
  from space 3072K, 94% used [0x00000000ebc80000,0x00000000ebf57f18,0x00000000ebf80000)
  to   space 4608K, 0% used [0x00000000ec100000,0x00000000ec100000,0x00000000ec580000)
 ParOldGen       total 68608K, used 34808K [0x00000000c0000000, 0x00000000c4300000, 0x00000000eab00000)
  object space 68608K, 50% used [0x00000000c0000000,0x00000000c21fe140,0x00000000c4300000)
 Metaspace       used 46890K, committed 47680K, reserved 1114112K
  class space    used 4682K, committed 4992K, reserved 1048576K
}
Event: 12.941 GC heap before
{Heap before GC invocations=22 (full 2):
 PSYoungGen      total 20992K, used 20791K [0x00000000eab00000, 0x00000000ec580000, 0x0000000100000000)
  eden space 17920K, 99% used [0x00000000eab00000,0x00000000ebc75fa0,0x00000000ebc80000)
  from space 3072K, 94% used [0x00000000ebc80000,0x00000000ebf57f18,0x00000000ebf80000)
  to   space 4608K, 0% used [0x00000000ec100000,0x00000000ec100000,0x00000000ec580000)
 ParOldGen       total 68608K, used 34808K [0x00000000c0000000, 0x00000000c4300000, 0x00000000eab00000)
  object space 68608K, 50% used [0x00000000c0000000,0x00000000c21fe140,0x00000000c4300000)
 Metaspace       used 47038K, committed 47808K, reserved 1114112K
  class space    used 4683K, committed 4992K, reserved 1048576K
}
Event: 12.944 GC heap after
{Heap after GC invocations=22 (full 2):
 PSYoungGen      total 19456K, used 1036K [0x00000000eab00000, 0x00000000ec280000, 0x0000000100000000)
  eden space 17920K, 0% used [0x00000000eab00000,0x00000000eab00000,0x00000000ebc80000)
  from space 1536K, 67% used [0x00000000ec100000,0x00000000ec2032c8,0x00000000ec280000)
  to   space 2048K, 0% used [0x00000000ebe80000,0x00000000ebe80000,0x00000000ec080000)
 ParOldGen       total 68608K, used 37374K [0x00000000c0000000, 0x00000000c4300000, 0x00000000eab00000)
  object space 68608K, 54% used [0x00000000c0000000,0x00000000c247f838,0x00000000c4300000)
 Metaspace       used 47038K, committed 47808K, reserved 1114112K
  class space    used 4683K, committed 4992K, reserved 1048576K
}
Event: 13.075 GC heap before
{Heap before GC invocations=23 (full 2):
 PSYoungGen      total 19456K, used 18956K [0x00000000eab00000, 0x00000000ec280000, 0x0000000100000000)
  eden space 17920K, 100% used [0x00000000eab00000,0x00000000ebc80000,0x00000000ebc80000)
  from space 1536K, 67% used [0x00000000ec100000,0x00000000ec2032c8,0x00000000ec280000)
  to   space 2048K, 0% used [0x00000000ebe80000,0x00000000ebe80000,0x00000000ec080000)
 ParOldGen       total 68608K, used 37374K [0x00000000c0000000, 0x00000000c4300000, 0x00000000eab00000)
  object space 68608K, 54% used [0x00000000c0000000,0x00000000c247f838,0x00000000c4300000)
 Metaspace       used 48208K, committed 48960K, reserved 1114112K
  class space    used 4780K, committed 5120K, reserved 1048576K
}
Event: 13.079 GC heap after
{Heap after GC invocations=23 (full 2):
 PSYoungGen      total 19968K, used 1952K [0x00000000eab00000, 0x00000000ec180000, 0x0000000100000000)
  eden space 17920K, 0% used [0x00000000eab00000,0x00000000eab00000,0x00000000ebc80000)
  from space 2048K, 95% used [0x00000000ebe80000,0x00000000ec068020,0x00000000ec080000)
  to   space 1024K, 0% used [0x00000000ec080000,0x00000000ec080000,0x00000000ec180000)
 ParOldGen       total 68608K, used 38020K [0x00000000c0000000, 0x00000000c4300000, 0x00000000eab00000)
  object space 68608K, 55% used [0x00000000c0000000,0x00000000c2521160,0x00000000c4300000)
 Metaspace       used 48208K, committed 48960K, reserved 1114112K
  class space    used 4780K, committed 5120K, reserved 1048576K
}

